<?xml version="1.0" encoding="UTF-8"?>
<!-- Generated by org.testng.reporters.JUnitReportReporter -->
<testsuite hostname="Nivedithas-MBP" failures="0" tests="2" name="ListUser" time="1.880" errors="0" timestamp="2022-03-15T01:07:47 IST" skipped="0">
  <testcase classname="ListUser" name="getNames" time="0.168"/>
  <system-out/>
  <testcase classname="ListUser" name="dataTestByIndex" time="1.712"/>
  <system-out/>
</testsuite> <!-- ListUser -->
