<?xml version="1.0" encoding="UTF-8"?>
<!-- Generated by org.testng.reporters.JUnitReportReporter -->
<testsuite hostname="Nivedithas-MBP" failures="0" tests="2" name="Register" time="2.050" errors="0" timestamp="2022-03-15T01:11:42 IST" skipped="0">
  <testcase classname="Register" name="successful" time="1.559"/>
  <system-out/>
  <testcase classname="Register" name="unSuccessful" time="0.491"/>
  <system-out/>
</testsuite> <!-- Register -->
