<?xml version="1.0" encoding="UTF-8"?>
<!-- Generated by org.testng.reporters.JUnitReportReporter -->
<testsuite hostname="Nivedithas-MBP" failures="0" tests="2" name="LogIn" time="2.519" errors="0" timestamp="2022-03-15T01:11:39 IST" skipped="0">
  <testcase classname="LogIn" name="unSuccessful" time="0.579"/>
  <system-out/>
  <testcase classname="LogIn" name="successful" time="1.940"/>
  <system-out/>
</testsuite> <!-- LogIn -->
